[NX Daemon Server] - 2024-11-07T16:25:29.223Z - Started listening on: /var/folders/kl/wv5n_qp95k52p6fz00jb0r3c0000gn/T/fb856715d4c631fb0823/d.sock
[NX Daemon Server] - 2024-11-07T16:25:29.225Z - [WATCHER]: Subscribed to changes within: /Users/alfredoperez/dev/sandbox/my-angular-starter (native)
[NX Daemon Server] - 2024-11-07T16:25:29.233Z - Established a connection. Number of open connections: 1
[NX Daemon Server] - 2024-11-07T16:25:29.234Z - Established a connection. Number of open connections: 2
[NX Daemon Server] - 2024-11-07T16:25:29.234Z - Closed a connection. Number of open connections: 1
[NX Daemon Server] - 2024-11-07T16:25:29.236Z - [REQUEST]: Responding to the client. Shutdown initiated
[NX Daemon Server] - 2024-11-07T16:25:29.236Z - Done responding to the client Shutdown initiated
[NX Daemon Server] - 2024-11-07T16:25:29.236Z - Handled FORCE_SHUTDOWN. Handling time: 0. Response time: 0.
[NX Daemon Server] - 2024-11-07T16:25:29.237Z - Closed a connection. Number of open connections: 0
[NX Daemon Server] - 2024-11-07T16:25:29.237Z - [WATCHER]: Stopping the watcher for /Users/alfredoperez/dev/sandbox/my-angular-starter (sources)
[NX Daemon Server] - 2024-11-07T16:25:29.237Z - [WATCHER]: Stopping the watcher for /Users/alfredoperez/dev/sandbox/my-angular-starter (outputs)
[NX Daemon Server] - 2024-11-07T16:25:29.473Z - Started listening on: /var/folders/kl/wv5n_qp95k52p6fz00jb0r3c0000gn/T/fb856715d4c631fb0823/d.sock
[NX Daemon Server] - 2024-11-07T16:25:29.475Z - [WATCHER]: Subscribed to changes within: /Users/alfredoperez/dev/sandbox/my-angular-starter (native)
[NX Daemon Server] - 2024-11-07T16:25:29.480Z - Established a connection. Number of open connections: 1
[NX Daemon Server] - 2024-11-07T16:25:29.480Z - Established a connection. Number of open connections: 2
[NX Daemon Server] - 2024-11-07T16:25:29.481Z - Closed a connection. Number of open connections: 1
[NX Daemon Server] - 2024-11-07T16:25:29.482Z - [REQUEST]: Responding to the client. Shutdown initiated
[NX Daemon Server] - 2024-11-07T16:25:29.482Z - Done responding to the client Shutdown initiated
[NX Daemon Server] - 2024-11-07T16:25:29.482Z - Handled FORCE_SHUTDOWN. Handling time: 0. Response time: 0.
[NX Daemon Server] - 2024-11-07T16:25:29.484Z - Closed a connection. Number of open connections: 0
[NX Daemon Server] - 2024-11-07T16:25:29.484Z - [WATCHER]: Stopping the watcher for /Users/alfredoperez/dev/sandbox/my-angular-starter (sources)
[NX Daemon Server] - 2024-11-07T16:25:29.484Z - [WATCHER]: Stopping the watcher for /Users/alfredoperez/dev/sandbox/my-angular-starter (outputs)
[NX Daemon Server] - 2024-11-07T17:43:27.473Z - Started listening on: /var/folders/kl/wv5n_qp95k52p6fz00jb0r3c0000gn/T/fb856715d4c631fb0823/d.sock
[NX Daemon Server] - 2024-11-07T17:43:27.475Z - [WATCHER]: Subscribed to changes within: /Users/alfredoperez/dev/sandbox/my-angular-starter (native)
[NX Daemon Server] - 2024-11-07T17:43:27.476Z - Established a connection. Number of open connections: 1
[NX Daemon Server] - 2024-11-07T17:43:27.477Z - Established a connection. Number of open connections: 2
[NX Daemon Server] - 2024-11-07T17:43:27.477Z - Closed a connection. Number of open connections: 1
[NX Daemon Server] - 2024-11-07T17:43:27.478Z - [REQUEST]: Responding to the client. Shutdown initiated
[NX Daemon Server] - 2024-11-07T17:43:27.478Z - Done responding to the client Shutdown initiated
[NX Daemon Server] - 2024-11-07T17:43:27.478Z - Handled FORCE_SHUTDOWN. Handling time: 0. Response time: 0.
[NX Daemon Server] - 2024-11-07T17:43:27.480Z - [WATCHER]: Stopping the watcher for /Users/alfredoperez/dev/sandbox/my-angular-starter (sources)
[NX Daemon Server] - 2024-11-07T17:43:27.480Z - Closed a connection. Number of open connections: 0
[NX Daemon Server] - 2024-11-07T17:43:27.480Z - [WATCHER]: Stopping the watcher for /Users/alfredoperez/dev/sandbox/my-angular-starter (outputs)
[NX Daemon Server] - 2024-11-07T17:43:27.686Z - Started listening on: /var/folders/kl/wv5n_qp95k52p6fz00jb0r3c0000gn/T/fb856715d4c631fb0823/d.sock
[NX Daemon Server] - 2024-11-07T17:43:27.689Z - [WATCHER]: Subscribed to changes within: /Users/alfredoperez/dev/sandbox/my-angular-starter (native)
[NX Daemon Server] - 2024-11-07T17:43:27.690Z - Established a connection. Number of open connections: 1
[NX Daemon Server] - 2024-11-07T17:43:27.690Z - Established a connection. Number of open connections: 2
[NX Daemon Server] - 2024-11-07T17:43:27.692Z - Closed a connection. Number of open connections: 1
[NX Daemon Server] - 2024-11-07T17:43:27.692Z - [REQUEST]: Responding to the client. Shutdown initiated
[NX Daemon Server] - 2024-11-07T17:43:27.692Z - Done responding to the client Shutdown initiated
[NX Daemon Server] - 2024-11-07T17:43:27.692Z - Handled FORCE_SHUTDOWN. Handling time: 0. Response time: 0.
[NX Daemon Server] - 2024-11-07T17:43:27.694Z - [WATCHER]: Stopping the watcher for /Users/alfredoperez/dev/sandbox/my-angular-starter (sources)
[NX Daemon Server] - 2024-11-07T17:43:27.694Z - Closed a connection. Number of open connections: 0
[NX Daemon Server] - 2024-11-07T17:43:27.694Z - [WATCHER]: Stopping the watcher for /Users/alfredoperez/dev/sandbox/my-angular-starter (outputs)
[NX Daemon Server] - 2024-11-24T21:20:26.909Z - Started listening on: /var/folders/kl/wv5n_qp95k52p6fz00jb0r3c0000gn/T/fb856715d4c631fb0823/d.sock
[NX Daemon Server] - 2024-11-24T21:20:26.911Z - [WATCHER]: Subscribed to changes within: /Users/alfredoperez/dev/sandbox/my-angular-starter (native)
[NX Daemon Server] - 2024-11-24T21:20:26.913Z - Established a connection. Number of open connections: 1
[NX Daemon Server] - 2024-11-24T21:20:26.913Z - Established a connection. Number of open connections: 2
[NX Daemon Server] - 2024-11-24T21:20:26.914Z - Closed a connection. Number of open connections: 1
[NX Daemon Server] - 2024-11-24T21:20:26.914Z - [REQUEST]: Responding to the client. Shutdown initiated
[NX Daemon Server] - 2024-11-24T21:20:26.914Z - Done responding to the client Shutdown initiated
[NX Daemon Server] - 2024-11-24T21:20:26.915Z - Handled FORCE_SHUTDOWN. Handling time: 0. Response time: 1.
[NX Daemon Server] - 2024-11-24T21:20:26.915Z - Closed a connection. Number of open connections: 0
[NX Daemon Server] - 2024-11-24T21:20:26.915Z - [WATCHER]: Stopping the watcher for /Users/alfredoperez/dev/sandbox/my-angular-starter (sources)
[NX Daemon Server] - 2024-11-24T21:20:26.915Z - [WATCHER]: Stopping the watcher for /Users/alfredoperez/dev/sandbox/my-angular-starter (outputs)
